
*** Running vivado
    with args -log LFSR.vdi -applog -m64 -product Vivado -messageDb vivado.pb -mode batch -source LFSR.tcl -notrace



****** Vivado v2020.2 (64-bit)
  **** SW Build 3064766 on Wed Nov 18 09:12:45 MST 2020
  **** IP Build 3064653 on Wed Nov 18 14:17:31 MST 2020
    ** Copyright 1986-2020 Xilinx, Inc. All Rights Reserved.

source LFSR.tcl -notrace
Command: open_checkpoint {C:/Users/Biagio/Desktop/Ingegneria/4. Progetti/Eletronics Project Files/Linear-Feedback-Shift-Register/vivado/LFSR.runs/impl_2/LFSR.dcp}

Starting open_checkpoint Task

Time (s): cpu = 00:00:00 ; elapsed = 00:00:00.051 . Memory (MB): peak = 1002.098 ; gain = 0.000
INFO: [Device 21-403] Loading part xc7z010clg400-1
Netlist sorting complete. Time (s): cpu = 00:00:00 ; elapsed = 00:00:00 . Memory (MB): peak = 1002.098 ; gain = 0.000
INFO: [Project 1-479] Netlist was created with Vivado 2020.2
INFO: [Project 1-570] Preparing netlist for logic optimization
INFO: [Timing 38-478] Restoring timing data from binary archive.
INFO: [Timing 38-479] Binary timing data restore complete.
INFO: [Project 1-856] Restoring constraints from binary archive.
INFO: [Project 1-853] Binary constraint restore complete.
Netlist sorting complete. Time (s): cpu = 00:00:00 ; elapsed = 00:00:00 . Memory (MB): peak = 1251.273 ; gain = 0.000
INFO: [Project 1-111] Unisim Transformation Summary:
No Unisim elements were transformed.

INFO: [Project 1-604] Checkpoint was created with Vivado v2020.2 (64-bit) build 3064766
open_checkpoint: Time (s): cpu = 00:00:18 ; elapsed = 00:00:20 . Memory (MB): peak = 1251.273 ; gain = 249.176
Command: opt_design
Attempting to get a license for feature 'Implementation' and/or device 'xc7z010'
INFO: [Common 17-349] Got license for feature 'Implementation' and/or device 'xc7z010'
Running DRC as a precondition to command opt_design

Starting DRC Task
INFO: [DRC 23-27] Running DRC with 2 threads
INFO: [Project 1-461] DRC finished with 0 Errors
INFO: [Project 1-462] Please refer to the DRC report (report_drc) for more information.

Time (s): cpu = 00:00:02 ; elapsed = 00:00:01 . Memory (MB): peak = 1281.906 ; gain = 22.961

Starting Cache Timing Information Task
Ending Cache Timing Information Task | Checksum: 163606ac

Time (s): cpu = 00:00:00 ; elapsed = 00:00:00.027 . Memory (MB): peak = 1281.906 ; gain = 0.000

Starting Logic Optimization Task

Phase 1 Retarget
INFO: [Opt 31-138] Pushed 0 inverter(s) to 0 load pin(s).
INFO: [Opt 31-49] Retargeted 0 cell(s).
Phase 1 Retarget | Checksum: 163606ac

Time (s): cpu = 00:00:00 ; elapsed = 00:00:00.036 . Memory (MB): peak = 1467.469 ; gain = 0.000
INFO: [Opt 31-389] Phase Retarget created 0 cells and removed 0 cells

Phase 2 Constant propagation
INFO: [Opt 31-138] Pushed 0 inverter(s) to 0 load pin(s).
Phase 2 Constant propagation | Checksum: 163606ac

Time (s): cpu = 00:00:00 ; elapsed = 00:00:00.038 . Memory (MB): peak = 1467.469 ; gain = 0.000
INFO: [Opt 31-389] Phase Constant propagation created 0 cells and removed 0 cells

Phase 3 Sweep
Phase 3 Sweep | Checksum: 163606ac

Time (s): cpu = 00:00:00 ; elapsed = 00:00:00.039 . Memory (MB): peak = 1467.469 ; gain = 0.000
INFO: [Opt 31-389] Phase Sweep created 0 cells and removed 0 cells

Phase 4 BUFG optimization
Phase 4 BUFG optimization | Checksum: 163606ac

Time (s): cpu = 00:00:00 ; elapsed = 00:00:00.041 . Memory (MB): peak = 1467.469 ; gain = 0.000
INFO: [Opt 31-662] Phase BUFG optimization created 0 cells of which 0 are BUFGs and removed 0 cells.

Phase 5 Shift Register Optimization
INFO: [Opt 31-1064] SRL Remap converted 0 SRLs to 0 registers and converted 0 registers of register chains to 0 SRLs
Phase 5 Shift Register Optimization | Checksum: 163606ac

Time (s): cpu = 00:00:00 ; elapsed = 00:00:00.042 . Memory (MB): peak = 1467.469 ; gain = 0.000
INFO: [Opt 31-389] Phase Shift Register Optimization created 0 cells and removed 0 cells

Phase 6 Post Processing Netlist
Phase 6 Post Processing Netlist | Checksum: 163606ac

Time (s): cpu = 00:00:00 ; elapsed = 00:00:00.043 . Memory (MB): peak = 1467.469 ; gain = 0.000
INFO: [Opt 31-389] Phase Post Processing Netlist created 0 cells and removed 0 cells
Opt_design Change Summary
=========================


-------------------------------------------------------------------------------------------------------------------------
|  Phase                        |  #Cells created  |  #Cells Removed  |  #Constrained objects preventing optimizations  |
-------------------------------------------------------------------------------------------------------------------------
|  Retarget                     |               0  |               0  |                                              0  |
|  Constant propagation         |               0  |               0  |                                              0  |
|  Sweep                        |               0  |               0  |                                              0  |
|  BUFG optimization            |               0  |               0  |                                              0  |
|  Shift Register Optimization  |               0  |               0  |                                              0  |
|  Post Processing Netlist      |               0  |               0  |                                              0  |
-------------------------------------------------------------------------------------------------------------------------



Starting Connectivity Check Task

Time (s): cpu = 00:00:00 ; elapsed = 00:00:00.001 . Memory (MB): peak = 1467.469 ; gain = 0.000
Ending Logic Optimization Task | Checksum: 163606ac

Time (s): cpu = 00:00:00 ; elapsed = 00:00:00.046 . Memory (MB): peak = 1467.469 ; gain = 0.000

Starting Power Optimization Task
INFO: [Pwropt 34-132] Skipping clock gating for clocks with a period < 2.00 ns.
Ending Power Optimization Task | Checksum: 163606ac

Time (s): cpu = 00:00:00 ; elapsed = 00:00:00.008 . Memory (MB): peak = 1467.469 ; gain = 0.000

Starting Final Cleanup Task
Ending Final Cleanup Task | Checksum: 163606ac

Time (s): cpu = 00:00:00 ; elapsed = 00:00:00 . Memory (MB): peak = 1467.469 ; gain = 0.000

Starting Netlist Obfuscation Task
Netlist sorting complete. Time (s): cpu = 00:00:00 ; elapsed = 00:00:00 . Memory (MB): peak = 1467.469 ; gain = 0.000
Ending Netlist Obfuscation Task | Checksum: 163606ac

Time (s): cpu = 00:00:00 ; elapsed = 00:00:00 . Memory (MB): peak = 1467.469 ; gain = 0.000
INFO: [Common 17-83] Releasing license: Implementation
25 Infos, 0 Warnings, 0 Critical Warnings and 0 Errors encountered.
opt_design completed successfully
INFO: [Timing 38-35] Done setting XDC timing constraints.
INFO: [Timing 38-480] Writing timing data to binary archive.
INFO: [Common 17-1381] The checkpoint 'C:/Users/Biagio/Desktop/Ingegneria/4. Progetti/Eletronics Project Files/Linear-Feedback-Shift-Register/vivado/LFSR.runs/impl_2/LFSR_opt.dcp' has been generated.
INFO: [runtcl-4] Executing : report_drc -file LFSR_drc_opted.rpt -pb LFSR_drc_opted.pb -rpx LFSR_drc_opted.rpx
Command: report_drc -file LFSR_drc_opted.rpt -pb LFSR_drc_opted.pb -rpx LFSR_drc_opted.rpx
INFO: [IP_Flow 19-234] Refreshing IP repositories
INFO: [IP_Flow 19-1704] No user IP repositories specified
INFO: [IP_Flow 19-2313] Loaded Vivado IP repository 'C:/Xilinx/Vivado/2020.2/data/ip'.
WARNING: [Timing 38-242] The property HD.CLK_SRC of clock port "clk" is not set. In out-of-context mode, this prevents timing estimation for clock delay/skew
Resolution: Set the HD.CLK_SRC property of the out-of-context port to the location of the clock buffer instance in the top-level design
INFO: [DRC 23-27] Running DRC with 2 threads
INFO: [Coretcl 2-168] The results of DRC are in file C:/Users/Biagio/Desktop/Ingegneria/4. Progetti/Eletronics Project Files/Linear-Feedback-Shift-Register/vivado/LFSR.runs/impl_2/LFSR_drc_opted.rpt.
report_drc completed successfully
Command: place_design
Attempting to get a license for feature 'Implementation' and/or device 'xc7z010'
INFO: [Common 17-349] Got license for feature 'Implementation' and/or device 'xc7z010'
INFO: [DRC 23-27] Running DRC with 2 threads
INFO: [Vivado_Tcl 4-198] DRC finished with 0 Errors
INFO: [Vivado_Tcl 4-199] Please refer to the DRC report (report_drc) for more information.
Running DRC as a precondition to command place_design
INFO: [DRC 23-27] Running DRC with 2 threads
INFO: [Vivado_Tcl 4-198] DRC finished with 0 Errors
INFO: [Vivado_Tcl 4-199] Please refer to the DRC report (report_drc) for more information.

Starting Placer Task
INFO: [Place 30-611] Multithreading enabled for place_design using a maximum of 2 CPUs

Phase 1 Placer Initialization

Phase 1.1 Placer Initialization Netlist Sorting
Netlist sorting complete. Time (s): cpu = 00:00:00 ; elapsed = 00:00:00 . Memory (MB): peak = 1512.445 ; gain = 0.000
Phase 1.1 Placer Initialization Netlist Sorting | Checksum: 00000000

Time (s): cpu = 00:00:00 ; elapsed = 00:00:00.006 . Memory (MB): peak = 1512.445 ; gain = 0.000
Netlist sorting complete. Time (s): cpu = 00:00:00 ; elapsed = 00:00:00 . Memory (MB): peak = 1512.445 ; gain = 0.000

Phase 1.2 IO Placement/ Clock Placement/ Build Placer Device
Phase 1.2 IO Placement/ Clock Placement/ Build Placer Device | Checksum: 71c266ba

Time (s): cpu = 00:00:01 ; elapsed = 00:00:00.061 . Memory (MB): peak = 1512.445 ; gain = 0.000

Phase 1.3 Build Placer Netlist Model
Phase 1.3 Build Placer Netlist Model | Checksum: 729504c6

Time (s): cpu = 00:00:01 ; elapsed = 00:00:00.135 . Memory (MB): peak = 1512.445 ; gain = 0.000

Phase 1.4 Constrain Clocks/Macros
Phase 1.4 Constrain Clocks/Macros | Checksum: 729504c6

Time (s): cpu = 00:00:01 ; elapsed = 00:00:00.136 . Memory (MB): peak = 1512.445 ; gain = 0.000
Phase 1 Placer Initialization | Checksum: 729504c6

Time (s): cpu = 00:00:01 ; elapsed = 00:00:00.138 . Memory (MB): peak = 1512.445 ; gain = 0.000

Phase 2 Global Placement

Phase 2.1 Floorplanning
Phase 2.1 Floorplanning | Checksum: 10dd2a9ec

Time (s): cpu = 00:00:01 ; elapsed = 00:00:00.226 . Memory (MB): peak = 1512.445 ; gain = 0.000

Phase 2.2 Update Timing before SLR Path Opt
Phase 2.2 Update Timing before SLR Path Opt | Checksum: 9d9a19e0

Time (s): cpu = 00:00:01 ; elapsed = 00:00:00.276 . Memory (MB): peak = 1512.445 ; gain = 0.000

Phase 2.3 Global Placement Core

Phase 2.3.1 Physical Synthesis In Placer
INFO: [Physopt 32-1044] Break lutnm for timing: one critical 0, two critical 0, total 0, new lutff created 0
INFO: [Physopt 32-775] End 1 Pass. Optimized 0 net or cell. Created 0 new cell, deleted 0 existing cell and moved 0 existing cell
INFO: [Physopt 32-65] No nets found for high-fanout optimization.
INFO: [Physopt 32-232] Optimized 0 net. Created 0 new instance.
INFO: [Physopt 32-775] End 1 Pass. Optimized 0 net or cell. Created 0 new cell, deleted 0 existing cell and moved 0 existing cell
INFO: [Physopt 32-670] No setup violation found.  DSP Register Optimization was not performed.
INFO: [Physopt 32-670] No setup violation found.  Shift Register to Pipeline Optimization was not performed.
INFO: [Physopt 32-670] No setup violation found.  Shift Register Optimization was not performed.
INFO: [Physopt 32-670] No setup violation found.  BRAM Register Optimization was not performed.
INFO: [Physopt 32-670] No setup violation found.  URAM Register Optimization was not performed.
INFO: [Physopt 32-949] No candidate nets found for dynamic/static region interface net replication
INFO: [Physopt 32-775] End 1 Pass. Optimized 0 net or cell. Created 0 new cell, deleted 0 existing cell and moved 0 existing cell
Netlist sorting complete. Time (s): cpu = 00:00:00 ; elapsed = 00:00:00 . Memory (MB): peak = 1512.445 ; gain = 0.000

Summary of Physical Synthesis Optimizations
============================================


-----------------------------------------------------------------------------------------------------------------------------------------------------------
|  Optimization                                     |  Added Cells  |  Removed Cells  |  Optimized Cells/Nets  |  Dont Touch  |  Iterations  |  Elapsed   |
-----------------------------------------------------------------------------------------------------------------------------------------------------------
|  LUT Combining                                    |            0  |              0  |                     0  |           0  |           1  |  00:00:00  |
|  Very High Fanout                                 |            0  |              0  |                     0  |           0  |           1  |  00:00:00  |
|  DSP Register                                     |            0  |              0  |                     0  |           0  |           0  |  00:00:00  |
|  Shift Register to Pipeline                       |            0  |              0  |                     0  |           0  |           0  |  00:00:00  |
|  Shift Register                                   |            0  |              0  |                     0  |           0  |           0  |  00:00:00  |
|  BRAM Register                                    |            0  |              0  |                     0  |           0  |           0  |  00:00:00  |
|  URAM Register                                    |            0  |              0  |                     0  |           0  |           0  |  00:00:00  |
|  Dynamic/Static Region Interface Net Replication  |            0  |              0  |                     0  |           0  |           1  |  00:00:00  |
|  Total                                            |            0  |              0  |                     0  |           0  |           3  |  00:00:00  |
-----------------------------------------------------------------------------------------------------------------------------------------------------------


Phase 2.3.1 Physical Synthesis In Placer | Checksum: 104465b32

Time (s): cpu = 00:00:11 ; elapsed = 00:00:06 . Memory (MB): peak = 1512.445 ; gain = 0.000
Phase 2.3 Global Placement Core | Checksum: 125626176

Time (s): cpu = 00:00:11 ; elapsed = 00:00:06 . Memory (MB): peak = 1512.445 ; gain = 0.000
Phase 2 Global Placement | Checksum: 125626176

Time (s): cpu = 00:00:11 ; elapsed = 00:00:06 . Memory (MB): peak = 1512.445 ; gain = 0.000

Phase 3 Detail Placement

Phase 3.1 Commit Multi Column Macros
Phase 3.1 Commit Multi Column Macros | Checksum: 761a7162

Time (s): cpu = 00:00:11 ; elapsed = 00:00:06 . Memory (MB): peak = 1512.445 ; gain = 0.000

Phase 3.2 Commit Most Macros & LUTRAMs
Phase 3.2 Commit Most Macros & LUTRAMs | Checksum: 101231622

Time (s): cpu = 00:00:11 ; elapsed = 00:00:06 . Memory (MB): peak = 1512.445 ; gain = 0.000

Phase 3.3 Area Swap Optimization
Phase 3.3 Area Swap Optimization | Checksum: 16a15aaf6

Time (s): cpu = 00:00:11 ; elapsed = 00:00:06 . Memory (MB): peak = 1512.445 ; gain = 0.000

Phase 3.4 Pipeline Register Optimization
Phase 3.4 Pipeline Register Optimization | Checksum: babdd36a

Time (s): cpu = 00:00:11 ; elapsed = 00:00:06 . Memory (MB): peak = 1512.445 ; gain = 0.000

Phase 3.5 Small Shape Detail Placement
Phase 3.5 Small Shape Detail Placement | Checksum: 14562882f

Time (s): cpu = 00:00:11 ; elapsed = 00:00:06 . Memory (MB): peak = 1512.445 ; gain = 0.000

Phase 3.6 Re-assign LUT pins
Phase 3.6 Re-assign LUT pins | Checksum: 14562882f

Time (s): cpu = 00:00:11 ; elapsed = 00:00:06 . Memory (MB): peak = 1512.445 ; gain = 0.000

Phase 3.7 Pipeline Register Optimization
Phase 3.7 Pipeline Register Optimization | Checksum: 1f4bab0b3

Time (s): cpu = 00:00:11 ; elapsed = 00:00:06 . Memory (MB): peak = 1512.445 ; gain = 0.000
Phase 3 Detail Placement | Checksum: 1f4bab0b3

Time (s): cpu = 00:00:11 ; elapsed = 00:00:06 . Memory (MB): peak = 1512.445 ; gain = 0.000

Phase 4 Post Placement Optimization and Clean-Up

Phase 4.1 Post Commit Optimization
INFO: [Timing 38-35] Done setting XDC timing constraints.

Phase 4.1.1 Post Placement Optimization
Post Placement Optimization Initialization | Checksum: 1ac1a5fd5

Phase 4.1.1.1 BUFG Insertion

Starting Physical Synthesis Task

Phase 1 Physical Synthesis Initialization
INFO: [Physopt 32-721] Multithreading enabled for phys_opt_design using a maximum of 2 CPUs
INFO: [Physopt 32-619] Estimated Timing Summary | WNS=6.206 | TNS=0.000 |
Phase 1 Physical Synthesis Initialization | Checksum: f09a5520

Time (s): cpu = 00:00:00 ; elapsed = 00:00:00.007 . Memory (MB): peak = 1512.445 ; gain = 0.000
INFO: [Place 46-56] BUFG insertion identified 0 candidate nets. Inserted BUFG: 0, Replicated BUFG Driver: 0, Skipped due to Placement/Routing Conflicts: 0, Skipped due to Timing Degradation: 0, Skipped due to Illegal Netlist: 0.
Ending Physical Synthesis Task | Checksum: 159ae7ec7

Time (s): cpu = 00:00:00 ; elapsed = 00:00:00.008 . Memory (MB): peak = 1512.445 ; gain = 0.000
Phase 4.1.1.1 BUFG Insertion | Checksum: 1ac1a5fd5

Time (s): cpu = 00:00:11 ; elapsed = 00:00:06 . Memory (MB): peak = 1512.445 ; gain = 0.000
INFO: [Place 30-746] Post Placement Timing Summary WNS=6.206. For the most accurate timing information please run report_timing.

Time (s): cpu = 00:00:11 ; elapsed = 00:00:06 . Memory (MB): peak = 1512.445 ; gain = 0.000
Phase 4.1 Post Commit Optimization | Checksum: 165fadc02

Time (s): cpu = 00:00:11 ; elapsed = 00:00:06 . Memory (MB): peak = 1512.445 ; gain = 0.000

Phase 4.2 Post Placement Cleanup
Phase 4.2 Post Placement Cleanup | Checksum: 165fadc02

Time (s): cpu = 00:00:11 ; elapsed = 00:00:06 . Memory (MB): peak = 1512.445 ; gain = 0.000

Phase 4.3 Placer Reporting

Phase 4.3.1 Print Estimated Congestion
INFO: [Place 30-612] Post-Placement Estimated Congestion 
 ____________________________________________________
|           | Global Congestion | Short Congestion  |
| Direction | Region Size       | Region Size       |
|___________|___________________|___________________|
|      North|                1x1|                1x1|
|___________|___________________|___________________|
|      South|                1x1|                1x1|
|___________|___________________|___________________|
|       East|                1x1|                1x1|
|___________|___________________|___________________|
|       West|                1x1|                1x1|
|___________|___________________|___________________|

Phase 4.3.1 Print Estimated Congestion | Checksum: 165fadc02

Time (s): cpu = 00:00:11 ; elapsed = 00:00:06 . Memory (MB): peak = 1512.445 ; gain = 0.000
Phase 4.3 Placer Reporting | Checksum: 165fadc02

Time (s): cpu = 00:00:11 ; elapsed = 00:00:06 . Memory (MB): peak = 1512.445 ; gain = 0.000

Phase 4.4 Final Placement Cleanup
Netlist sorting complete. Time (s): cpu = 00:00:00 ; elapsed = 00:00:00 . Memory (MB): peak = 1512.445 ; gain = 0.000

Time (s): cpu = 00:00:11 ; elapsed = 00:00:06 . Memory (MB): peak = 1512.445 ; gain = 0.000
Phase 4 Post Placement Optimization and Clean-Up | Checksum: f4387548

Time (s): cpu = 00:00:11 ; elapsed = 00:00:06 . Memory (MB): peak = 1512.445 ; gain = 0.000
Ending Placer Task | Checksum: d1b61161

Time (s): cpu = 00:00:11 ; elapsed = 00:00:06 . Memory (MB): peak = 1512.445 ; gain = 0.000
INFO: [Common 17-83] Releasing license: Implementation
61 Infos, 1 Warnings, 0 Critical Warnings and 0 Errors encountered.
place_design completed successfully
place_design: Time (s): cpu = 00:00:12 ; elapsed = 00:00:07 . Memory (MB): peak = 1512.445 ; gain = 1.984
INFO: [Timing 38-480] Writing timing data to binary archive.
Writing placer database...
Writing XDEF routing.
Writing XDEF routing logical nets.
Writing XDEF routing special nets.
Write XDEF Complete: Time (s): cpu = 00:00:00 ; elapsed = 00:00:00.150 . Memory (MB): peak = 1512.445 ; gain = 0.000
INFO: [Common 17-1381] The checkpoint 'C:/Users/Biagio/Desktop/Ingegneria/4. Progetti/Eletronics Project Files/Linear-Feedback-Shift-Register/vivado/LFSR.runs/impl_2/LFSR_placed.dcp' has been generated.
INFO: [runtcl-4] Executing : report_io -file LFSR_io_placed.rpt
report_io: Time (s): cpu = 00:00:00 ; elapsed = 00:00:00.037 . Memory (MB): peak = 1512.445 ; gain = 0.000
INFO: [runtcl-4] Executing : report_utilization -file LFSR_utilization_placed.rpt -pb LFSR_utilization_placed.pb
INFO: [runtcl-4] Executing : report_control_sets -verbose -file LFSR_control_sets_placed.rpt
report_control_sets: Time (s): cpu = 00:00:00 ; elapsed = 00:00:00.001 . Memory (MB): peak = 1512.445 ; gain = 0.000
Command: phys_opt_design
Attempting to get a license for feature 'Implementation' and/or device 'xc7z010'
INFO: [Common 17-349] Got license for feature 'Implementation' and/or device 'xc7z010'
INFO: [Vivado_Tcl 4-383] Design worst setup slack (WNS) is greater than or equal to 0.000 ns. Skipping all physical synthesis optimizations.
INFO: [Vivado_Tcl 4-232] No setup violation found. The netlist was not modified.
INFO: [Common 17-83] Releasing license: Implementation
70 Infos, 1 Warnings, 0 Critical Warnings and 0 Errors encountered.
phys_opt_design completed successfully
INFO: [Timing 38-480] Writing timing data to binary archive.
Writing placer database...
Writing XDEF routing.
Writing XDEF routing logical nets.
Writing XDEF routing special nets.
Write XDEF Complete: Time (s): cpu = 00:00:00 ; elapsed = 00:00:00.054 . Memory (MB): peak = 1512.445 ; gain = 0.000
INFO: [Common 17-1381] The checkpoint 'C:/Users/Biagio/Desktop/Ingegneria/4. Progetti/Eletronics Project Files/Linear-Feedback-Shift-Register/vivado/LFSR.runs/impl_2/LFSR_physopt.dcp' has been generated.
Command: route_design
Attempting to get a license for feature 'Implementation' and/or device 'xc7z010'
INFO: [Common 17-349] Got license for feature 'Implementation' and/or device 'xc7z010'
Running DRC as a precondition to command route_design
WARNING: [Timing 38-242] The property HD.CLK_SRC of clock port "clk" is not set. In out-of-context mode, this prevents timing estimation for clock delay/skew
Resolution: Set the HD.CLK_SRC property of the out-of-context port to the location of the clock buffer instance in the top-level design
INFO: [DRC 23-27] Running DRC with 2 threads
INFO: [Vivado_Tcl 4-198] DRC finished with 0 Errors
INFO: [Vivado_Tcl 4-199] Please refer to the DRC report (report_drc) for more information.


Starting Routing Task
INFO: [Route 35-254] Multithreading enabled for route_design using a maximum of 2 CPUs
Checksum: PlaceDB: d1b61161 ConstDB: 0 ShapeSum: 0 RouteDB: 0

Phase 1 Build RT Design
WARNING: [Route 35-197] Clock port "clk" does not have an associated HD.CLK_SRC. Without this constraint, timing analysis may not be accurate and upstream checks cannot be done to ensure correct clock placement.
WARNING: [Route 35-198] Port "seed_load" does not have an associated HD.PARTPIN_LOCS, which will prevent the partial routing of the signal "seed_load". Without this partial route, timing analysis to/from this port will not be accurate, and no routing information for this port can be exported.
WARNING: [Route 35-198] Port "seed[4]" does not have an associated HD.PARTPIN_LOCS, which will prevent the partial routing of the signal "seed[4]". Without this partial route, timing analysis to/from this port will not be accurate, and no routing information for this port can be exported.
WARNING: [Route 35-198] Port "seed[5]" does not have an associated HD.PARTPIN_LOCS, which will prevent the partial routing of the signal "seed[5]". Without this partial route, timing analysis to/from this port will not be accurate, and no routing information for this port can be exported.
WARNING: [Route 35-198] Port "seed[6]" does not have an associated HD.PARTPIN_LOCS, which will prevent the partial routing of the signal "seed[6]". Without this partial route, timing analysis to/from this port will not be accurate, and no routing information for this port can be exported.
WARNING: [Route 35-198] Port "seed[7]" does not have an associated HD.PARTPIN_LOCS, which will prevent the partial routing of the signal "seed[7]". Without this partial route, timing analysis to/from this port will not be accurate, and no routing information for this port can be exported.
WARNING: [Route 35-198] Port "reset_n" does not have an associated HD.PARTPIN_LOCS, which will prevent the partial routing of the signal "reset_n". Without this partial route, timing analysis to/from this port will not be accurate, and no routing information for this port can be exported.
WARNING: [Route 35-198] Port "seed[10]" does not have an associated HD.PARTPIN_LOCS, which will prevent the partial routing of the signal "seed[10]". Without this partial route, timing analysis to/from this port will not be accurate, and no routing information for this port can be exported.
WARNING: [Route 35-198] Port "seed[1]" does not have an associated HD.PARTPIN_LOCS, which will prevent the partial routing of the signal "seed[1]". Without this partial route, timing analysis to/from this port will not be accurate, and no routing information for this port can be exported.
WARNING: [Route 35-198] Port "seed[2]" does not have an associated HD.PARTPIN_LOCS, which will prevent the partial routing of the signal "seed[2]". Without this partial route, timing analysis to/from this port will not be accurate, and no routing information for this port can be exported.
WARNING: [Route 35-198] Port "seed[3]" does not have an associated HD.PARTPIN_LOCS, which will prevent the partial routing of the signal "seed[3]". Without this partial route, timing analysis to/from this port will not be accurate, and no routing information for this port can be exported.
WARNING: [Route 35-198] Port "seed[0]" does not have an associated HD.PARTPIN_LOCS, which will prevent the partial routing of the signal "seed[0]". Without this partial route, timing analysis to/from this port will not be accurate, and no routing information for this port can be exported.
WARNING: [Route 35-198] Port "seed[11]" does not have an associated HD.PARTPIN_LOCS, which will prevent the partial routing of the signal "seed[11]". Without this partial route, timing analysis to/from this port will not be accurate, and no routing information for this port can be exported.
WARNING: [Route 35-198] Port "seed[8]" does not have an associated HD.PARTPIN_LOCS, which will prevent the partial routing of the signal "seed[8]". Without this partial route, timing analysis to/from this port will not be accurate, and no routing information for this port can be exported.
WARNING: [Route 35-198] Port "seed[9]" does not have an associated HD.PARTPIN_LOCS, which will prevent the partial routing of the signal "seed[9]". Without this partial route, timing analysis to/from this port will not be accurate, and no routing information for this port can be exported.
WARNING: [Route 35-198] Port "seed[12]" does not have an associated HD.PARTPIN_LOCS, which will prevent the partial routing of the signal "seed[12]". Without this partial route, timing analysis to/from this port will not be accurate, and no routing information for this port can be exported.
WARNING: [Route 35-198] Port "seed[13]" does not have an associated HD.PARTPIN_LOCS, which will prevent the partial routing of the signal "seed[13]". Without this partial route, timing analysis to/from this port will not be accurate, and no routing information for this port can be exported.
WARNING: [Route 35-198] Port "seed[14]" does not have an associated HD.PARTPIN_LOCS, which will prevent the partial routing of the signal "seed[14]". Without this partial route, timing analysis to/from this port will not be accurate, and no routing information for this port can be exported.
WARNING: [Route 35-198] Port "seed[15]" does not have an associated HD.PARTPIN_LOCS, which will prevent the partial routing of the signal "seed[15]". Without this partial route, timing analysis to/from this port will not be accurate, and no routing information for this port can be exported.
Phase 1 Build RT Design | Checksum: 9c883978

Time (s): cpu = 00:00:14 ; elapsed = 00:00:13 . Memory (MB): peak = 1555.176 ; gain = 34.414
Post Restoration Checksum: NetGraph: 34e7da24 NumContArr: 67a05f54 Constraints: 0 Timing: 0

Phase 2 Router Initialization

Phase 2.1 Create Timer
Phase 2.1 Create Timer | Checksum: 9c883978

Time (s): cpu = 00:00:14 ; elapsed = 00:00:13 . Memory (MB): peak = 1577.023 ; gain = 56.262

Phase 2.2 Fix Topology Constraints
Phase 2.2 Fix Topology Constraints | Checksum: 9c883978

Time (s): cpu = 00:00:14 ; elapsed = 00:00:13 . Memory (MB): peak = 1577.023 ; gain = 56.262

Phase 2.3 Pre Route Cleanup
Phase 2.3 Pre Route Cleanup | Checksum: 9c883978

Time (s): cpu = 00:00:14 ; elapsed = 00:00:13 . Memory (MB): peak = 1577.023 ; gain = 56.262

Phase 2.4 Update Timing
Phase 2.4 Update Timing | Checksum: b8c893d5

Time (s): cpu = 00:00:14 ; elapsed = 00:00:13 . Memory (MB): peak = 1577.023 ; gain = 56.262
INFO: [Route 35-416] Intermediate Timing Summary | WNS=6.206  | TNS=0.000  | WHS=0.157  | THS=0.000  |

Phase 2 Router Initialization | Checksum: 1583a9c56

Time (s): cpu = 00:00:14 ; elapsed = 00:00:13 . Memory (MB): peak = 1577.023 ; gain = 56.262

Router Utilization Summary
  Global Vertical Routing Utilization    = 0 %
  Global Horizontal Routing Utilization  = 0 %
  Routable Net Status*
  *Does not include unroutable nets such as driverless and loadless.
  Run report_route_status for detailed report.
  Number of Failed Nets               = 33
    (Failed Nets is the sum of unrouted and partially routed nets)
  Number of Unrouted Nets             = 33
  Number of Partially Routed Nets     = 0
  Number of Node Overlaps             = 0


Phase 3 Initial Routing

Phase 3.1 Global Routing
Phase 3.1 Global Routing | Checksum: 1583a9c56

Time (s): cpu = 00:00:14 ; elapsed = 00:00:13 . Memory (MB): peak = 1577.023 ; gain = 56.262
Phase 3 Initial Routing | Checksum: 204123a3f

Time (s): cpu = 00:00:14 ; elapsed = 00:00:13 . Memory (MB): peak = 1577.023 ; gain = 56.262

Phase 4 Rip-up And Reroute

Phase 4.1 Global Iteration 0
 Number of Nodes with overlaps = 1
 Number of Nodes with overlaps = 0
INFO: [Route 35-416] Intermediate Timing Summary | WNS=6.488  | TNS=0.000  | WHS=N/A    | THS=N/A    |

Phase 4.1 Global Iteration 0 | Checksum: 18fa09b51

Time (s): cpu = 00:00:14 ; elapsed = 00:00:13 . Memory (MB): peak = 1577.023 ; gain = 56.262
Phase 4 Rip-up And Reroute | Checksum: 18fa09b51

Time (s): cpu = 00:00:14 ; elapsed = 00:00:13 . Memory (MB): peak = 1577.023 ; gain = 56.262

Phase 5 Delay and Skew Optimization

Phase 5.1 Delay CleanUp
Phase 5.1 Delay CleanUp | Checksum: 18fa09b51

Time (s): cpu = 00:00:14 ; elapsed = 00:00:13 . Memory (MB): peak = 1577.023 ; gain = 56.262

Phase 5.2 Clock Skew Optimization
Phase 5.2 Clock Skew Optimization | Checksum: 18fa09b51

Time (s): cpu = 00:00:14 ; elapsed = 00:00:13 . Memory (MB): peak = 1577.023 ; gain = 56.262
Phase 5 Delay and Skew Optimization | Checksum: 18fa09b51

Time (s): cpu = 00:00:14 ; elapsed = 00:00:13 . Memory (MB): peak = 1577.023 ; gain = 56.262

Phase 6 Post Hold Fix

Phase 6.1 Hold Fix Iter

Phase 6.1.1 Update Timing
Phase 6.1.1 Update Timing | Checksum: 1c5776887

Time (s): cpu = 00:00:14 ; elapsed = 00:00:13 . Memory (MB): peak = 1577.023 ; gain = 56.262
INFO: [Route 35-416] Intermediate Timing Summary | WNS=6.488  | TNS=0.000  | WHS=0.142  | THS=0.000  |

Phase 6.1 Hold Fix Iter | Checksum: 1c5776887

Time (s): cpu = 00:00:14 ; elapsed = 00:00:13 . Memory (MB): peak = 1577.023 ; gain = 56.262
Phase 6 Post Hold Fix | Checksum: 1c5776887

Time (s): cpu = 00:00:14 ; elapsed = 00:00:13 . Memory (MB): peak = 1577.023 ; gain = 56.262

Phase 7 Route finalize

Router Utilization Summary
  Global Vertical Routing Utilization    = 0.000281532 %
  Global Horizontal Routing Utilization  = 0.00160846 %
  Routable Net Status*
  *Does not include unroutable nets such as driverless and loadless.
  Run report_route_status for detailed report.
  Number of Failed Nets               = 0
    (Failed Nets is the sum of unrouted and partially routed nets)
  Number of Unrouted Nets             = 0
  Number of Partially Routed Nets     = 0
  Number of Node Overlaps             = 0

Phase 7 Route finalize | Checksum: 1c5776887

Time (s): cpu = 00:00:14 ; elapsed = 00:00:13 . Memory (MB): peak = 1577.023 ; gain = 56.262

Phase 8 Verifying routed nets

 Verification completed successfully
Phase 8 Verifying routed nets | Checksum: 1c5776887

Time (s): cpu = 00:00:14 ; elapsed = 00:00:13 . Memory (MB): peak = 1577.023 ; gain = 56.262

Phase 9 Depositing Routes
Phase 9 Depositing Routes | Checksum: 18e89fd64

Time (s): cpu = 00:00:14 ; elapsed = 00:00:13 . Memory (MB): peak = 1577.023 ; gain = 56.262

Phase 10 Post Router Timing
INFO: [Route 35-57] Estimated Timing Summary | WNS=6.488  | TNS=0.000  | WHS=0.142  | THS=0.000  |

INFO: [Route 35-327] The final timing numbers are based on the router estimated timing analysis. For a complete and accurate timing signoff, please run report_timing_summary.
Phase 10 Post Router Timing | Checksum: 18e89fd64

Time (s): cpu = 00:00:14 ; elapsed = 00:00:13 . Memory (MB): peak = 1577.023 ; gain = 56.262
INFO: [Route 35-16] Router Completed Successfully

Time (s): cpu = 00:00:14 ; elapsed = 00:00:13 . Memory (MB): peak = 1577.023 ; gain = 56.262

Routing Is Done.
INFO: [Common 17-83] Releasing license: Implementation
84 Infos, 21 Warnings, 0 Critical Warnings and 0 Errors encountered.
route_design completed successfully
route_design: Time (s): cpu = 00:00:16 ; elapsed = 00:00:14 . Memory (MB): peak = 1577.023 ; gain = 64.578
INFO: [Timing 38-480] Writing timing data to binary archive.
Writing placer database...
Writing XDEF routing.
Writing XDEF routing logical nets.
Writing XDEF routing special nets.
Write XDEF Complete: Time (s): cpu = 00:00:00 ; elapsed = 00:00:00.050 . Memory (MB): peak = 1577.047 ; gain = 0.023
INFO: [Common 17-1381] The checkpoint 'C:/Users/Biagio/Desktop/Ingegneria/4. Progetti/Eletronics Project Files/Linear-Feedback-Shift-Register/vivado/LFSR.runs/impl_2/LFSR_routed.dcp' has been generated.
INFO: [runtcl-4] Executing : report_drc -file LFSR_drc_routed.rpt -pb LFSR_drc_routed.pb -rpx LFSR_drc_routed.rpx
Command: report_drc -file LFSR_drc_routed.rpt -pb LFSR_drc_routed.pb -rpx LFSR_drc_routed.rpx
INFO: [IP_Flow 19-1839] IP Catalog is up to date.
WARNING: [Timing 38-242] The property HD.CLK_SRC of clock port "clk" is not set. In out-of-context mode, this prevents timing estimation for clock delay/skew
Resolution: Set the HD.CLK_SRC property of the out-of-context port to the location of the clock buffer instance in the top-level design
INFO: [DRC 23-27] Running DRC with 2 threads
INFO: [Coretcl 2-168] The results of DRC are in file C:/Users/Biagio/Desktop/Ingegneria/4. Progetti/Eletronics Project Files/Linear-Feedback-Shift-Register/vivado/LFSR.runs/impl_2/LFSR_drc_routed.rpt.
report_drc completed successfully
INFO: [runtcl-4] Executing : report_methodology -file LFSR_methodology_drc_routed.rpt -pb LFSR_methodology_drc_routed.pb -rpx LFSR_methodology_drc_routed.rpx
Command: report_methodology -file LFSR_methodology_drc_routed.rpt -pb LFSR_methodology_drc_routed.pb -rpx LFSR_methodology_drc_routed.rpx
INFO: [Timing 38-35] Done setting XDC timing constraints.
INFO: [DRC 23-133] Running Methodology with 2 threads
INFO: [Coretcl 2-1520] The results of Report Methodology are in file C:/Users/Biagio/Desktop/Ingegneria/4. Progetti/Eletronics Project Files/Linear-Feedback-Shift-Register/vivado/LFSR.runs/impl_2/LFSR_methodology_drc_routed.rpt.
report_methodology completed successfully
INFO: [runtcl-4] Executing : report_power -file LFSR_power_routed.rpt -pb LFSR_power_summary_routed.pb -rpx LFSR_power_routed.rpx
Command: report_power -file LFSR_power_routed.rpt -pb LFSR_power_summary_routed.pb -rpx LFSR_power_routed.rpx
INFO: [Timing 38-35] Done setting XDC timing constraints.
Running Vector-less Activity Propagation...

Finished Running Vector-less Activity Propagation
96 Infos, 22 Warnings, 0 Critical Warnings and 0 Errors encountered.
report_power completed successfully
INFO: [runtcl-4] Executing : report_route_status -file LFSR_route_status.rpt -pb LFSR_route_status.pb
INFO: [runtcl-4] Executing : report_timing_summary -max_paths 10 -file LFSR_timing_summary_routed.rpt -pb LFSR_timing_summary_routed.pb -rpx LFSR_timing_summary_routed.rpx -warn_on_violation 
INFO: [Timing 38-91] UpdateTimingParams: Speed grade: -1, Delay Type: min_max.
INFO: [Timing 38-191] Multithreading enabled for timing update using a maximum of 2 CPUs
INFO: [runtcl-4] Executing : report_incremental_reuse -file LFSR_incremental_reuse_routed.rpt
INFO: [Vivado_Tcl 4-1062] Incremental flow is disabled. No incremental reuse Info to report.
INFO: [runtcl-4] Executing : report_clock_utilization -file LFSR_clock_utilization_routed.rpt
INFO: [runtcl-4] Executing : report_bus_skew -warn_on_violation -file LFSR_bus_skew_routed.rpt -pb LFSR_bus_skew_routed.pb -rpx LFSR_bus_skew_routed.rpx
INFO: [Timing 38-91] UpdateTimingParams: Speed grade: -1, Delay Type: min_max.
INFO: [Timing 38-191] Multithreading enabled for timing update using a maximum of 2 CPUs
INFO: [Common 17-206] Exiting Vivado at Thu Jun 16 04:05:07 2022...
